[31-Aug-2022 01:04:21] NOTICE: fpm is running, pid 6239
[31-Aug-2022 01:04:21] NOTICE: ready to handle connections
[01-Sep-2022 00:05:26] NOTICE: Terminating ...
[01-Sep-2022 00:05:26] NOTICE: Terminating ...
[01-Sep-2022 00:05:26] NOTICE: exiting, bye-bye!
[03-Sep-2022 12:18:49] NOTICE: fpm is running, pid 27119
[03-Sep-2022 12:18:49] NOTICE: ready to handle connections
[07-Sep-2022 12:35:31] NOTICE: Terminating ...
[07-Sep-2022 12:35:31] NOTICE: Terminating ...
[07-Sep-2022 12:35:31] NOTICE: exiting, bye-bye!
[20-Sep-2022 16:48:13] NOTICE: fpm is running, pid 78680
[20-Sep-2022 16:48:13] NOTICE: ready to handle connections
[22-Sep-2022 01:23:25] NOTICE: Terminating ...
[22-Sep-2022 01:23:25] NOTICE: Terminating ...
[22-Sep-2022 01:23:25] NOTICE: exiting, bye-bye!
[21-Jan-2023 19:15:59] NOTICE: fpm is running, pid 12899
[21-Jan-2023 19:15:59] NOTICE: ready to handle connections
[12-Feb-2023 21:15:30] NOTICE: fpm is running, pid 15251
[12-Feb-2023 21:15:30] NOTICE: ready to handle connections
[12-Feb-2023 21:16:07] NOTICE: Terminating ...
[12-Feb-2023 21:16:07] NOTICE: Terminating ...
[12-Feb-2023 21:16:07] NOTICE: exiting, bye-bye!
